# JRE version: OpenJDK Runtime Environment (21.0.3) (build 21.0.3+-12282718-b509.11)
# Java VM: OpenJDK 64-Bit Server VM (21.0.3+-12282718-b509.11, mixed mode, tiered, compressed oops, compressed class ptrs, g1 gc, windows-amd64)
GC Precious Log:
 CardTable entry size: 512
 Card Set container configuration: InlinePtr #cards 5 size 8 Array Of Cards #cards 12 size 40 Howl #buckets 4 coarsen threshold 1843 Howl Bitmap #cards 512 size 80 coarsen threshold 460 Card regions per heap region 1 cards per card region 2048
 CPUs: 16 total, 16 available
 Memory: 16091M
 Large Page Support: Disabled
 NUMA Support: Disabled
 Compressed Oops: Enabled (32-bit)
 Heap Region Size: 1M
 Heap Min Capacity: 8M
 Heap Initial Capacity: 252M
 Heap Max Capacity: 2G
 Pre-touch: Disabled
 Parallel Workers: 13
 Concurrent Workers: 3
 Concurrent Refinement Workers: 13
 Periodic GC: Disabled
Heap:
 garbage-first heap   total 157696K, used 98939K [0x0000000080000000, 0x0000000100000000)
  region size 1024K, 13 young (13312K), 4 survivors (4096K)
 Metaspace       used 93564K, committed 95360K, reserved 1179648K
  class space    used 12636K, committed 13504K, reserved 1048576K
GC Heap History (20 events):
Event: 10.519 GC heap before
{Heap before GC invocations=18 (full 0):
 garbage-first heap   total 93184K, used 80816K [0x0000000080000000, 0x0000000100000000)
  region size 1024K, 34 young (34816K), 5 survivors (5120K)
 Metaspace       used 73156K, committed 74688K, reserved 1114112K
  class space    used 9933K, committed 10688K, reserved 1048576K
}
Event: 10.522 GC heap after
{Heap after GC invocations=19 (full 0):
 garbage-first heap   total 93184K, used 53585K [0x0000000080000000, 0x0000000100000000)
  region size 1024K, 4 young (4096K), 4 survivors (4096K)
 Metaspace       used 73156K, committed 74688K, reserved 1114112K
  class space    used 9933K, committed 10688K, reserved 1048576K
}
Event: 10.659 GC heap before
{Heap before GC invocations=20 (full 0):
 garbage-first heap   total 104448K, used 80209K [0x0000000080000000, 0x0000000100000000)
  region size 1024K, 31 young (31744K), 4 survivors (4096K)
 Metaspace       used 73290K, committed 74880K, reserved 1114112K
  class space    used 9933K, committed 10688K, reserved 1048576K
}
Event: 10.662 GC heap after
{Heap after GC invocations=21 (full 0):
 garbage-first heap   total 104448K, used 54464K [0x0000000080000000, 0x0000000100000000)
  region size 1024K, 3 young (3072K), 3 survivors (3072K)
 Metaspace       used 73290K, committed 74880K, reserved 1114112K
  class space    used 9933K, committed 10688K, reserved 1048576K
}
Event: 10.780 GC heap before
{Heap before GC invocations=21 (full 0):
 garbage-first heap   total 104448K, used 90304K [0x0000000080000000, 0x0000000100000000)
  region size 1024K, 39 young (39936K), 3 survivors (3072K)
 Metaspace       used 73317K, committed 74880K, reserved 1114112K
  class space    used 9933K, committed 10688K, reserved 1048576K
}
Event: 10.783 GC heap after
{Heap after GC invocations=22 (full 0):
 garbage-first heap   total 104448K, used 54159K [0x0000000080000000, 0x0000000100000000)
  region size 1024K, 4 young (4096K), 4 survivors (4096K)
 Metaspace       used 73317K, committed 74880K, reserved 1114112K
  class space    used 9933K, committed 10688K, reserved 1048576K
}
Event: 10.895 GC heap before
{Heap before GC invocations=22 (full 0):
 garbage-first heap   total 104448K, used 91023K [0x0000000080000000, 0x0000000100000000)
  region size 1024K, 41 young (41984K), 4 survivors (4096K)
 Metaspace       used 73319K, committed 74880K, reserved 1114112K
  class space    used 9933K, committed 10688K, reserved 1048576K
}
Event: 10.899 GC heap after
{Heap after GC invocations=23 (full 0):
 garbage-first heap   total 104448K, used 54951K [0x0000000080000000, 0x0000000100000000)
  region size 1024K, 4 young (4096K), 4 survivors (4096K)
 Metaspace       used 73319K, committed 74880K, reserved 1114112K
  class space    used 9933K, committed 10688K, reserved 1048576K
}
Event: 11.124 GC heap before
{Heap before GC invocations=24 (full 0):
 garbage-first heap   total 112640K, used 91815K [0x0000000080000000, 0x0000000100000000)
  region size 1024K, 41 young (41984K), 4 survivors (4096K)
 Metaspace       used 73531K, committed 75200K, reserved 1114112K
  class space    used 9971K, committed 10816K, reserved 1048576K
}
Event: 11.127 GC heap after
{Heap after GC invocations=25 (full 0):
 garbage-first heap   total 112640K, used 56036K [0x0000000080000000, 0x0000000100000000)
  region size 1024K, 5 young (5120K), 5 survivors (5120K)
 Metaspace       used 73531K, committed 75200K, reserved 1114112K
  class space    used 9971K, committed 10816K, reserved 1048576K
}
Event: 12.898 GC heap before
{Heap before GC invocations=25 (full 0):
 garbage-first heap   total 112640K, used 110308K [0x0000000080000000, 0x0000000100000000)
  region size 1024K, 45 young (46080K), 5 survivors (5120K)
 Metaspace       used 76203K, committed 77888K, reserved 1179648K
  class space    used 10329K, committed 11200K, reserved 1048576K
}
Event: 12.904 GC heap after
{Heap after GC invocations=26 (full 0):
 garbage-first heap   total 154624K, used 75914K [0x0000000080000000, 0x0000000100000000)
  region size 1024K, 6 young (6144K), 6 survivors (6144K)
 Metaspace       used 76203K, committed 77888K, reserved 1179648K
  class space    used 10329K, committed 11200K, reserved 1048576K
}
Event: 13.493 GC heap before
{Heap before GC invocations=26 (full 0):
 garbage-first heap   total 154624K, used 134282K [0x0000000080000000, 0x0000000100000000)
  region size 1024K, 64 young (65536K), 6 survivors (6144K)
 Metaspace       used 82457K, committed 84224K, reserved 1179648K
  class space    used 11146K, committed 12032K, reserved 1048576K
}
Event: 13.497 GC heap after
{Heap after GC invocations=27 (full 0):
 garbage-first heap   total 154624K, used 78256K [0x0000000080000000, 0x0000000100000000)
  region size 1024K, 3 young (3072K), 3 survivors (3072K)
 Metaspace       used 82457K, committed 84224K, reserved 1179648K
  class space    used 11146K, committed 12032K, reserved 1048576K
}
Event: 14.031 GC heap before
{Heap before GC invocations=28 (full 0):
 garbage-first heap   total 154624K, used 141744K [0x0000000080000000, 0x0000000100000000)
  region size 1024K, 60 young (61440K), 3 survivors (3072K)
 Metaspace       used 85919K, committed 87680K, reserved 1179648K
  class space    used 11619K, committed 12480K, reserved 1048576K
}
Event: 14.035 GC heap after
{Heap after GC invocations=29 (full 0):
 garbage-first heap   total 154624K, used 85021K [0x0000000080000000, 0x0000000100000000)
  region size 1024K, 8 young (8192K), 8 survivors (8192K)
 Metaspace       used 85919K, committed 87680K, reserved 1179648K
  class space    used 11619K, committed 12480K, reserved 1048576K
}
Event: 14.518 GC heap before
{Heap before GC invocations=29 (full 0):
 garbage-first heap   total 154624K, used 136221K [0x0000000080000000, 0x0000000100000000)
  region size 1024K, 58 young (59392K), 8 survivors (8192K)
 Metaspace       used 91212K, committed 92992K, reserved 1179648K
  class space    used 12298K, committed 13184K, reserved 1048576K
}
Event: 14.523 GC heap after
{Heap after GC invocations=30 (full 0):
 garbage-first heap   total 154624K, used 87236K [0x0000000080000000, 0x0000000100000000)
  region size 1024K, 3 young (3072K), 3 survivors (3072K)
 Metaspace       used 91212K, committed 92992K, reserved 1179648K
  class space    used 12298K, committed 13184K, reserved 1048576K
}
Event: 14.726 GC heap before
{Heap before GC invocations=30 (full 0):
 garbage-first heap   total 154624K, used 111812K [0x0000000080000000, 0x0000000100000000)
  region size 1024K, 28 young (28672K), 3 survivors (3072K)
 Metaspace       used 93060K, committed 94848K, reserved 1179648K
  class space    used 12549K, committed 13440K, reserved 1048576K
}
Event: 14.730 GC heap after
{Heap after GC invocations=31 (full 0):
 garbage-first heap   total 154624K, used 87675K [0x0000000080000000, 0x0000000100000000)
  region size 1024K, 4 young (4096K), 4 survivors (4096K)
 Metaspace       used 93060K, committed 94848K, reserved 1179648K
  class space    used 12549K, committed 13440K, reserved 1048576K
}

